<?xml version="1.0" encoding="UTF-8"?>
<testng-results skipped="0" failed="0" ignored="0" total="1" passed="1">
  <reporter-output>
  </reporter-output>
  <suite name="Suite" duration-ms="19785" started-at="2022-03-16T22:14:08 IST" finished-at="2022-03-16T22:14:28 IST">
    <groups>
    </groups>
    <test name="Test" duration-ms="19785" started-at="2022-03-16T22:14:08 IST" finished-at="2022-03-16T22:14:28 IST">
      <class name="NewTest">
        <test-method status="PASS" signature="abc()[pri:0, instance:NewTest@59906517]" name="abc" is-config="true" duration-ms="6" started-at="2022-03-16T22:14:08 IST" finished-at="2022-03-16T22:14:08 IST">
          <reporter-output>
          </reporter-output>
        </test-method> <!-- abc -->
        <test-method status="PASS" signature="openCalculater()[pri:0, instance:NewTest@59906517]" name="openCalculater" duration-ms="19746" started-at="2022-03-16T22:14:08 IST" finished-at="2022-03-16T22:14:28 IST">
          <reporter-output>
          </reporter-output>
        </test-method> <!-- openCalculater -->
      </class> <!-- NewTest -->
    </test> <!-- Test -->
  </suite> <!-- Suite -->
</testng-results>
